c:\users\dyeh\source\repos\rfid consoleapp\blowfishclasslibrary\debug\blowfishclasslibrary.pch
c:\users\dyeh\source\repos\rfid consoleapp\blowfishclasslibrary\debug\vc142.pdb
c:\users\dyeh\source\repos\rfid consoleapp\blowfishclasslibrary\debug\pch.obj
c:\users\dyeh\source\repos\rfid consoleapp\blowfishclasslibrary\debug\blowfishclasslibrary.obj
c:\users\dyeh\source\repos\rfid consoleapp\blowfishclasslibrary\debug\blowfish.obj
c:\users\dyeh\source\repos\rfid consoleapp\blowfishclasslibrary\debug\assemblyinfo.obj
c:\users\dyeh\source\repos\rfid consoleapp\blowfishclasslibrary\debug\.netframework,version=v4.0.assemblyattributes.obj
c:\users\dyeh\source\repos\rfid consoleapp\rfidtag\bin\x86\debug\blowfishclasslibrary.dll
c:\users\dyeh\source\repos\rfid consoleapp\rfidtag\bin\x86\debug\blowfishclasslibrary.pdb
c:\users\dyeh\source\repos\rfid consoleapp\blowfishclasslibrary\debug\app.res
c:\users\dyeh\source\repos\rfid consoleapp\blowfishclasslibrary\debug\blowfishclasslibrary.vcxprojassemblyreference.cache
c:\users\dyeh\source\repos\rfid consoleapp\blowfishclasslibrary\..\rfidtag\bin\x86\debug\blowfishclasslibrary.dll
c:\users\dyeh\source\repos\rfid consoleapp\blowfishclasslibrary\debug\blowfish.9fe25130.tlog\cl.command.1.tlog
c:\users\dyeh\source\repos\rfid consoleapp\blowfishclasslibrary\debug\blowfish.9fe25130.tlog\cl.read.1.tlog
c:\users\dyeh\source\repos\rfid consoleapp\blowfishclasslibrary\debug\blowfish.9fe25130.tlog\cl.write.1.tlog
c:\users\dyeh\source\repos\rfid consoleapp\blowfishclasslibrary\debug\blowfish.9fe25130.tlog\link.command.1.tlog
c:\users\dyeh\source\repos\rfid consoleapp\blowfishclasslibrary\debug\blowfish.9fe25130.tlog\link.read.1.tlog
c:\users\dyeh\source\repos\rfid consoleapp\blowfishclasslibrary\debug\blowfish.9fe25130.tlog\link.write.1.tlog
c:\users\dyeh\source\repos\rfid consoleapp\blowfishclasslibrary\debug\blowfish.9fe25130.tlog\metagen.read.1.tlog
c:\users\dyeh\source\repos\rfid consoleapp\blowfishclasslibrary\debug\blowfish.9fe25130.tlog\metagen.write.1.tlog
c:\users\dyeh\source\repos\rfid consoleapp\blowfishclasslibrary\debug\blowfish.9fe25130.tlog\rc.command.1.tlog
c:\users\dyeh\source\repos\rfid consoleapp\blowfishclasslibrary\debug\blowfish.9fe25130.tlog\rc.read.1.tlog
c:\users\dyeh\source\repos\rfid consoleapp\blowfishclasslibrary\debug\blowfish.9fe25130.tlog\rc.write.1.tlog
