c:\users\dyeh\source\repos\rfid consoleapp\blowfishclasslibrary\x64\release\blowfishclasslibrary.pch
c:\users\dyeh\source\repos\rfid consoleapp\blowfishclasslibrary\x64\release\vc142.pdb
c:\users\dyeh\source\repos\rfid consoleapp\blowfishclasslibrary\x64\release\pch.obj
c:\users\dyeh\source\repos\rfid consoleapp\blowfishclasslibrary\x64\release\blowfishclasslibrary.obj
c:\users\dyeh\source\repos\rfid consoleapp\blowfishclasslibrary\x64\release\blowfish.obj
c:\users\dyeh\source\repos\rfid consoleapp\blowfishclasslibrary\x64\release\assemblyinfo.obj
c:\users\dyeh\source\repos\rfid consoleapp\blowfishclasslibrary\x64\release\.netframework,version=v4.0.assemblyattributes.obj
c:\users\dyeh\source\repos\rfid consoleapp\x64\release\blowfishclasslibrary.dll
c:\users\dyeh\source\repos\rfid consoleapp\x64\release\blowfishclasslibrary.pdb
c:\users\dyeh\source\repos\rfid consoleapp\blowfishclasslibrary\x64\release\app.res
c:\users\dyeh\source\repos\rfid consoleapp\blowfishclasslibrary\x64\release\blowfish.9fe25130.tlog\cl.command.1.tlog
c:\users\dyeh\source\repos\rfid consoleapp\blowfishclasslibrary\x64\release\blowfish.9fe25130.tlog\cl.read.1.tlog
c:\users\dyeh\source\repos\rfid consoleapp\blowfishclasslibrary\x64\release\blowfish.9fe25130.tlog\cl.write.1.tlog
c:\users\dyeh\source\repos\rfid consoleapp\blowfishclasslibrary\x64\release\blowfish.9fe25130.tlog\link.command.1.tlog
c:\users\dyeh\source\repos\rfid consoleapp\blowfishclasslibrary\x64\release\blowfish.9fe25130.tlog\link.read.1.tlog
c:\users\dyeh\source\repos\rfid consoleapp\blowfishclasslibrary\x64\release\blowfish.9fe25130.tlog\link.write.1.tlog
c:\users\dyeh\source\repos\rfid consoleapp\blowfishclasslibrary\x64\release\blowfish.9fe25130.tlog\metagen.read.1.tlog
c:\users\dyeh\source\repos\rfid consoleapp\blowfishclasslibrary\x64\release\blowfish.9fe25130.tlog\metagen.write.1.tlog
c:\users\dyeh\source\repos\rfid consoleapp\blowfishclasslibrary\x64\release\blowfish.9fe25130.tlog\rc.command.1.tlog
c:\users\dyeh\source\repos\rfid consoleapp\blowfishclasslibrary\x64\release\blowfish.9fe25130.tlog\rc.read.1.tlog
c:\users\dyeh\source\repos\rfid consoleapp\blowfishclasslibrary\x64\release\blowfish.9fe25130.tlog\rc.write.1.tlog
